# JRE version: OpenJDK Runtime Environment (8.0_242-b01) (build 1.8.0_242-release-1644-b01)
# Java VM: OpenJDK 64-Bit Server VM (25.242-b01 mixed mode windows-amd64 compressed oops)
Heap:
 PSYoungGen      total 117760K, used 38233K [0x00000000eb300000, 0x00000000f5000000, 0x0000000100000000)
  eden space 90624K, 42% used [0x00000000eb300000,0x00000000ed8565f0,0x00000000f0b80000)
  from space 27136K, 0% used [0x00000000f2880000,0x00000000f2880000,0x00000000f4300000)
  to   space 29696K, 0% used [0x00000000f0b80000,0x00000000f0b80000,0x00000000f2880000)
 ParOldGen       total 118272K, used 50703K [0x00000000c1800000, 0x00000000c8b80000, 0x00000000eb300000)
  object space 118272K, 42% used [0x00000000c1800000,0x00000000c4983d60,0x00000000c8b80000)
 Metaspace       used 61138K, capacity 62346K, committed 62720K, reserved 1103872K
  class space    used 7267K, capacity 7565K, committed 7680K, reserved 1048576K
GC Heap History (10 events):
Event: 6.243 GC heap before
{Heap before GC invocations=11 (full 2):
 PSYoungGen      total 82944K, used 63488K [0x00000000eb300000, 0x00000000f2b80000, 0x0000000100000000)
  eden space 63488K, 100% used [0x00000000eb300000,0x00000000ef100000,0x00000000ef100000)
  from space 19456K, 0% used [0x00000000f0380000,0x00000000f0380000,0x00000000f1680000)
  to   space 18944K, 0% used [0x00000000ef100000,0x00000000ef100000,0x00000000f0380000)
 ParOldGen       total 84992K, used 29702K [0x00000000c1800000, 0x00000000c6b00000, 0x00000000eb300000)
  object space 84992K, 34% used [0x00000000c1800000,0x00000000c3501bf8,0x00000000c6b00000)
 Metaspace       used 40322K, capacity 40974K, committed 41344K, reserved 1085440K
  class space    used 4987K, capacity 5183K, committed 5248K, reserved 1048576K
Event: 6.259 GC heap after
Heap after GC invocations=11 (full 2):
 PSYoungGen      total 82432K, used 12488K [0x00000000eb300000, 0x00000000f2580000, 0x0000000100000000)
  eden space 63488K, 0% used [0x00000000eb300000,0x00000000eb300000,0x00000000ef100000)
  from space 18944K, 65% used [0x00000000ef100000,0x00000000efd321e0,0x00000000f0380000)
  to   space 18944K, 0% used [0x00000000f1300000,0x00000000f1300000,0x00000000f2580000)
 ParOldGen       total 84992K, used 29710K [0x00000000c1800000, 0x00000000c6b00000, 0x00000000eb300000)
  object space 84992K, 34% used [0x00000000c1800000,0x00000000c3503bf8,0x00000000c6b00000)
 Metaspace       used 40322K, capacity 40974K, committed 41344K, reserved 1085440K
  class space    used 4987K, capacity 5183K, committed 5248K, reserved 1048576K
}
Event: 8.243 GC heap before
{Heap before GC invocations=12 (full 2):
 PSYoungGen      total 82432K, used 75976K [0x00000000eb300000, 0x00000000f2580000, 0x0000000100000000)
  eden space 63488K, 100% used [0x00000000eb300000,0x00000000ef100000,0x00000000ef100000)
  from space 18944K, 65% used [0x00000000ef100000,0x00000000efd321e0,0x00000000f0380000)
  to   space 18944K, 0% used [0x00000000f1300000,0x00000000f1300000,0x00000000f2580000)
 ParOldGen       total 84992K, used 29710K [0x00000000c1800000, 0x00000000c6b00000, 0x00000000eb300000)
  object space 84992K, 34% used [0x00000000c1800000,0x00000000c3503bf8,0x00000000c6b00000)
 Metaspace       used 46367K, capacity 47088K, committed 47616K, reserved 1091584K
  class space    used 5572K, capacity 5800K, committed 5888K, reserved 1048576K
Event: 8.272 GC heap after
Heap after GC invocations=12 (full 2):
 PSYoungGen      total 95232K, used 18930K [0x00000000eb300000, 0x00000000f2a80000, 0x0000000100000000)
  eden space 76288K, 0% used [0x00000000eb300000,0x00000000eb300000,0x00000000efd80000)
  from space 18944K, 99% used [0x00000000f1300000,0x00000000f257cbe8,0x00000000f2580000)
  to   space 22016K, 0% used [0x00000000efd80000,0x00000000efd80000,0x00000000f1300000)
 ParOldGen       total 84992K, used 30808K [0x00000000c1800000, 0x00000000c6b00000, 0x00000000eb300000)
  object space 84992K, 36% used [0x00000000c1800000,0x00000000c3616230,0x00000000c6b00000)
 Metaspace       used 46367K, capacity 47088K, committed 47616K, reserved 1091584K
  class space    used 5572K, capacity 5800K, committed 5888K, reserved 1048576K
}
Event: 10.732 GC heap before
{Heap before GC invocations=13 (full 2):
 PSYoungGen      total 95232K, used 95218K [0x00000000eb300000, 0x00000000f2a80000, 0x0000000100000000)
  eden space 76288K, 100% used [0x00000000eb300000,0x00000000efd80000,0x00000000efd80000)
  from space 18944K, 99% used [0x00000000f1300000,0x00000000f257cbe8,0x00000000f2580000)
  to   space 22016K, 0% used [0x00000000efd80000,0x00000000efd80000,0x00000000f1300000)
 ParOldGen       total 84992K, used 30808K [0x00000000c1800000, 0x00000000c6b00000, 0x00000000eb300000)
  object space 84992K, 36% used [0x00000000c1800000,0x00000000c3616230,0x00000000c6b00000)
 Metaspace       used 55051K, capacity 56196K, committed 56448K, reserved 1099776K
  class space    used 6710K, capacity 7002K, committed 7040K, reserved 1048576K
Event: 10.760 GC heap after
Heap after GC invocations=13 (full 2):
 PSYoungGen      total 98304K, used 21997K [0x00000000eb300000, 0x00000000f4300000, 0x0000000100000000)
  eden space 76288K, 0% used [0x00000000eb300000,0x00000000eb300000,0x00000000efd80000)
  from space 22016K, 99% used [0x00000000efd80000,0x00000000f12fb7b8,0x00000000f1300000)
  to   space 27136K, 0% used [0x00000000f2880000,0x00000000f2880000,0x00000000f4300000)
 ParOldGen       total 84992K, used 36846K [0x00000000c1800000, 0x00000000c6b00000, 0x00000000eb300000)
  object space 84992K, 43% used [0x00000000c1800000,0x00000000c3bfba90,0x00000000c6b00000)
 Metaspace       used 55051K, capacity 56196K, committed 56448K, reserved 1099776K
  class space    used 6710K, capacity 7002K, committed 7040K, reserved 1048576K
}
Event: 11.013 GC heap before
{Heap before GC invocations=14 (full 2):
 PSYoungGen      total 98304K, used 34744K [0x00000000eb300000, 0x00000000f4300000, 0x0000000100000000)
  eden space 76288K, 16% used [0x00000000eb300000,0x00000000ebf72ac8,0x00000000efd80000)
  from space 22016K, 99% used [0x00000000efd80000,0x00000000f12fb7b8,0x00000000f1300000)
  to   space 27136K, 0% used [0x00000000f2880000,0x00000000f2880000,0x00000000f4300000)
 ParOldGen       total 84992K, used 36846K [0x00000000c1800000, 0x00000000c6b00000, 0x00000000eb300000)
  object space 84992K, 43% used [0x00000000c1800000,0x00000000c3bfba90,0x00000000c6b00000)
 Metaspace       used 57775K, capacity 58870K, committed 59008K, reserved 1101824K
  class space    used 6986K, capacity 7271K, committed 7296K, reserved 1048576K
Event: 11.039 GC heap after
Heap after GC invocations=14 (full 2):
 PSYoungGen      total 117760K, used 23624K [0x00000000eb300000, 0x00000000f5000000, 0x0000000100000000)
  eden space 90624K, 0% used [0x00000000eb300000,0x00000000eb300000,0x00000000f0b80000)
  from space 27136K, 87% used [0x00000000f2880000,0x00000000f3f923f0,0x00000000f4300000)
  to   space 29696K, 0% used [0x00000000f0b80000,0x00000000f0b80000,0x00000000f2880000)
 ParOldGen       total 84992K, used 36854K [0x00000000c1800000, 0x00000000c6b00000, 0x00000000eb300000)
  object space 84992K, 43% used [0x00000000c1800000,0x00000000c3bfda90,0x00000000c6b00000)
 Metaspace       used 57775K, capacity 58870K, committed 59008K, reserved 1101824K
  class space    used 6986K, capacity 7271K, committed 7296K, reserved 1048576K
}
Event: 11.039 GC heap before
{Heap before GC invocations=15 (full 3):
 PSYoungGen      total 117760K, used 23624K [0x00000000eb300000, 0x00000000f5000000, 0x0000000100000000)
  eden space 90624K, 0% used [0x00000000eb300000,0x00000000eb300000,0x00000000f0b80000)
  from space 27136K, 87% used [0x00000000f2880000,0x00000000f3f923f0,0x00000000f4300000)
  to   space 29696K, 0% used [0x00000000f0b80000,0x00000000f0b80000,0x00000000f2880000)
 ParOldGen       total 84992K, used 36854K [0x00000000c1800000, 0x00000000c6b00000, 0x00000000eb300000)
  object space 84992K, 43% used [0x00000000c1800000,0x00000000c3bfda90,0x00000000c6b00000)
 Metaspace       used 57775K, capacity 58870K, committed 59008K, reserved 1101824K
  class space    used 6986K, capacity 7271K, committed 7296K, reserved 1048576K
Event: 11.352 GC heap after
Heap after GC invocations=15 (full 3):
 PSYoungGen      total 117760K, used 0K [0x00000000eb300000, 0x00000000f5000000, 0x0000000100000000)
  eden space 90624K, 0% used [0x00000000eb300000,0x00000000eb300000,0x00000000f0b80000)
  from space 27136K, 0% used [0x00000000f2880000,0x00000000f2880000,0x00000000f4300000)
  to   space 29696K, 0% used [0x00000000f0b80000,0x00000000f0b80000,0x00000000f2880000)
 ParOldGen       total 118272K, used 50703K [0x00000000c1800000, 0x00000000c8b80000, 0x00000000eb300000)
  object space 118272K, 42% used [0x00000000c1800000,0x00000000c4983d60,0x00000000c8b80000)
 Metaspace       used 57775K, capacity 58870K, committed 59008K, reserved 1101824K
  class space    used 6986K, capacity 7271K, committed 7296K, reserved 1048576K
}

